\BOOKMARK [1][-]{section.1}{\376\377\000E\000x\000e\000c\000u\000t\000i\000v\000e\000\040\000S\000u\000m\000m\000a\000r\000y}{}% 1
\BOOKMARK [1][-]{section.2}{\376\377\000P\000r\000o\000j\000e\000c\000t\000\040\000D\000e\000s\000c\000r\000i\000p\000t\000i\000o\000n}{}% 2
\BOOKMARK [2][-]{subsection.2.1}{\376\377\000P\000r\000o\000j\000e\000c\000t\000\040\000M\000o\000t\000i\000v\000a\000t\000i\000o\000n\000s}{section.2}% 3
\BOOKMARK [2][-]{subsection.2.2}{\376\377\000P\000r\000o\000j\000e\000c\000t\000\040\000O\000b\000j\000e\000c\000t\000i\000v\000e\000s\000\040\000a\000n\000d\000\040\000G\000o\000a\000l\000s}{section.2}% 4
\BOOKMARK [2][-]{subsection.2.3}{\376\377\000P\000r\000o\000j\000e\000c\000t\000\040\000R\000e\000q\000u\000i\000r\000e\000m\000e\000n\000t\000\040\000S\000p\000e\000c\000i\000f\000i\000c\000a\000t\000i\000o\000n\000s}{section.2}% 5
\BOOKMARK [2][-]{subsection.2.4}{\376\377\000H\000o\000u\000s\000e\000\040\000o\000f\000\040\000Q\000u\000a\000l\000i\000t\000y}{section.2}% 6
\BOOKMARK [2][-]{subsection.2.5}{\376\377\000P\000r\000o\000j\000e\000c\000t\000\040\000B\000l\000o\000c\000k\000\040\000D\000i\000a\000g\000r\000a\000m}{section.2}% 7
\BOOKMARK [1][-]{section.3}{\376\377\000R\000e\000s\000e\000a\000r\000c\000h}{}% 8
\BOOKMARK [2][-]{subsection.3.1}{\376\377\000E\000x\000i\000s\000t\000i\000n\000g\000\040\000P\000r\000o\000d\000u\000c\000t\000s\000\040\000a\000n\000d\000\040\000P\000r\000o\000j\000e\000c\000t\000s}{section.3}% 9
\BOOKMARK [3][-]{subsubsection.3.1.1}{\376\377\000C\000u\000r\000r\000e\000n\000t\000\040\000W\000a\000l\000k\000e\000r\000\040\000S\000e\000n\000s\000i\000n\000g\000\040\000A\000p\000p\000l\000i\000c\000a\000t\000i\000o\000n\000s}{subsection.3.1}% 10
\BOOKMARK [3][-]{subsubsection.3.1.2}{\376\377\000C\000u\000r\000r\000e\000n\000t\000\040\000W\000a\000l\000k\000e\000r\000\040\000S\000t\000a\000b\000i\000l\000i\000t\000y\000\040\000A\000p\000p\000l\000i\000c\000a\000t\000i\000o\000n\000s}{subsection.3.1}% 11
\BOOKMARK [3][-]{subsubsection.3.1.3}{\376\377\000C\000u\000r\000r\000e\000n\000t\000\040\000C\000o\000m\000p\000u\000t\000e\000r\000\040\000V\000i\000s\000i\000o\000n\000\040\000O\000b\000j\000e\000c\000t\000\040\000D\000e\000t\000e\000c\000t\000i\000o\000n\000\040\000A\000p\000p\000l\000i\000c\000a\000t\000i\000o\000n\000s}{subsection.3.1}% 12
\BOOKMARK [3][-]{subsubsection.3.1.4}{\376\377\000C\000u\000r\000r\000e\000n\000t\000\040\000A\000u\000d\000i\000o\000\040\000F\000e\000e\000d\000b\000a\000c\000k\000\040\000A\000p\000p\000l\000i\000c\000a\000t\000i\000o\000n\000s\000/\000T\000e\000c\000h\000n\000o\000l\000o\000g\000i\000e\000s}{subsection.3.1}% 13
\BOOKMARK [3][-]{subsubsection.3.1.5}{\376\377\000M\000o\000t\000o\000r\000\040\000a\000n\000d\000\040\000S\000t\000e\000e\000r\000i\000n\000g\000\040\000A\000p\000p\000l\000i\000c\000a\000t\000i\000o\000n\000s}{subsection.3.1}% 14
\BOOKMARK [2][-]{subsection.3.2}{\376\377\000R\000e\000l\000e\000v\000a\000n\000t\000\040\000T\000e\000c\000h\000n\000o\000l\000o\000g\000i\000e\000s}{section.3}% 15
\BOOKMARK [3][-]{subsubsection.3.2.1}{\376\377\000S\000e\000n\000s\000o\000r\000\040\000R\000a\000n\000g\000i\000n\000g}{subsection.3.2}% 16
\BOOKMARK [3][-]{subsubsection.3.2.2}{\376\377\000W\000a\000l\000k\000e\000r\000\040\000S\000t\000a\000b\000i\000l\000i\000t\000y}{subsection.3.2}% 17
\BOOKMARK [3][-]{subsubsection.3.2.3}{\376\377\000C\000o\000m\000p\000u\000t\000e\000r\000\040\000V\000i\000s\000i\000o\000n\000\040\000O\000b\000j\000e\000c\000t\000\040\000D\000e\000t\000e\000c\000t\000i\000o\000n}{subsection.3.2}% 18
\BOOKMARK [3][-]{subsubsection.3.2.4}{\376\377\000C\000u\000r\000r\000e\000n\000t\000\040\000A\000u\000d\000i\000o\000\040\000F\000e\000e\000d\000b\000a\000c\000k\000\040\000T\000e\000c\000h\000n\000o\000l\000o\000g\000i\000e\000s}{subsection.3.2}% 19
\BOOKMARK [3][-]{subsubsection.3.2.5}{\376\377\000M\000o\000t\000o\000r\000\040\000S\000h\000i\000e\000l\000d\000/\000D\000r\000i\000v\000e\000r}{subsection.3.2}% 20
\BOOKMARK [3][-]{subsubsection.3.2.6}{\376\377\000S\000p\000e\000e\000d\000\040\000C\000o\000n\000t\000r\000o\000l}{subsection.3.2}% 21
\BOOKMARK [3][-]{subsubsection.3.2.7}{\376\377\000S\000t\000e\000e\000r\000i\000n\000g\000\040\000a\000n\000d\000\040\000B\000r\000a\000k\000i\000n\000g\000\040\000M\000e\000t\000h\000o\000d\000\040}{subsection.3.2}% 22
\BOOKMARK [3][-]{subsubsection.3.2.8}{\376\377\000P\000o\000w\000e\000r\000\040\000S\000u\000p\000p\000l\000y}{subsection.3.2}% 23
\BOOKMARK [3][-]{subsubsection.3.2.9}{\376\377\000D\000C\000\040\000M\000o\000t\000o\000r\000\040\000T\000e\000c\000h\000n\000o\000l\000o\000g\000y}{subsection.3.2}% 24
\BOOKMARK [3][-]{subsubsection.3.2.10}{\376\377\000H\000a\000p\000t\000i\000c\000\040\000M\000o\000t\000o\000r\000s}{subsection.3.2}% 25
\BOOKMARK [3][-]{subsubsection.3.2.11}{\376\377\000V\000o\000l\000t\000a\000g\000e\000\040\000R\000e\000g\000u\000l\000a\000t\000i\000o\000n}{subsection.3.2}% 26
\BOOKMARK [3][-]{subsubsection.3.2.12}{\376\377\000L\000i\000g\000h\000t\000\040\000S\000e\000n\000s\000o\000r\000s}{subsection.3.2}% 27
\BOOKMARK [2][-]{subsection.3.3}{\376\377\000S\000t\000r\000a\000t\000e\000g\000i\000c\000\040\000C\000o\000m\000p\000o\000n\000e\000n\000t\000s}{section.3}% 28
\BOOKMARK [3][-]{subsubsection.3.3.1}{\376\377\000U\000l\000t\000r\000a\000s\000o\000n\000i\000c\000\040\000S\000e\000n\000s\000o\000r\000s}{subsection.3.3}% 29
\BOOKMARK [3][-]{subsubsection.3.3.2}{\376\377\000L\000i\000D\000A\000R\000\040\000S\000e\000n\000s\000o\000r\000s}{subsection.3.3}% 30
\BOOKMARK [3][-]{subsubsection.3.3.3}{\376\377\000I\000n\000e\000r\000t\000i\000a\000l\000\040\000M\000e\000a\000s\000u\000r\000e\000m\000e\000n\000t\000\040\000U\000n\000i\000t\000s}{subsection.3.3}% 31
\BOOKMARK [3][-]{subsubsection.3.3.4}{\376\377\000C\000o\000m\000p\000u\000t\000e\000r\000\040\000V\000i\000s\000i\000o\000n\000/\000A\000I\000\040\000I\000m\000a\000g\000e\000\040\000P\000r\000o\000c\000e\000s\000s\000i\000n\000g\000\040\000M\000o\000d\000e\000l\000s}{subsection.3.3}% 32
\BOOKMARK [3][-]{subsubsection.3.3.5}{\376\377\000C\000a\000m\000e\000r\000a\000\040\000T\000e\000c\000h\000n\000o\000l\000o\000g\000i\000e\000s}{subsection.3.3}% 33
\BOOKMARK [3][-]{subsubsection.3.3.6}{\376\377\000M\000C\000U\000\040\000T\000e\000c\000h\000n\000o\000l\000o\000g\000i\000e\000s}{subsection.3.3}% 34
\BOOKMARK [3][-]{subsubsection.3.3.7}{\376\377\000M\000o\000t\000o\000r\000\040\000C\000o\000n\000t\000r\000o\000l\000l\000e\000r\000s}{subsection.3.3}% 35
\BOOKMARK [3][-]{subsubsection.3.3.8}{\376\377\000M\000o\000t\000o\000r\000\040\000D\000r\000i\000v\000e\000r\000s}{subsection.3.3}% 36
\BOOKMARK [2][-]{subsection.3.4}{\376\377\000P\000o\000s\000s\000i\000b\000l\000e\000\040\000A\000r\000c\000h\000i\000t\000e\000c\000t\000u\000r\000e\000s\000\040\000a\000n\000d\000\040\000R\000e\000l\000a\000t\000e\000d\000\040\000D\000i\000a\000g\000r\000a\000m\000s}{section.3}% 37
\BOOKMARK [3][-]{subsubsection.3.4.1}{\376\377\000P\000r\000o\000p\000o\000s\000e\000d\000\040\000S\000e\000n\000s\000o\000r\000\040\000F\000O\000V\000\040\000T\000o\000p\000o\000l\000o\000g\000y}{subsection.3.4}% 38
\BOOKMARK [3][-]{subsubsection.3.4.2}{\376\377\000E\000u\000l\000e\000r\000\040\000A\000n\000g\000l\000e\000s}{subsection.3.4}% 39
\BOOKMARK [3][-]{subsubsection.3.4.3}{\376\377\000V\000e\000l\000o\000c\000i\000t\000y\000\040\000a\000n\000d\000\040\000P\000o\000s\000i\000t\000i\000o\000n\000\040\000S\000o\000l\000u\000t\000i\000o\000n}{subsection.3.4}% 40
\BOOKMARK [3][-]{subsubsection.3.4.4}{\376\377\000K\000a\000l\000m\000a\000n\000\040\000F\000i\000l\000t\000e\000r}{subsection.3.4}% 41
\BOOKMARK [3][-]{subsubsection.3.4.5}{\376\377\000Q\000u\000a\000t\000e\000r\000n\000i\000o\000n\000s}{subsection.3.4}% 42
\BOOKMARK [3][-]{subsubsection.3.4.6}{\376\377\000T\000y\000p\000i\000c\000a\000l\000\040\000C\000V\000\040\000c\000a\000m\000e\000r\000a\000\040\000s\000e\000t\000u\000p}{subsection.3.4}% 43
\BOOKMARK [3][-]{subsubsection.3.4.7}{\376\377\000T\000y\000p\000i\000c\000a\000l\000\040\000s\000t\000e\000e\000r\000i\000n\000g\000\040\000m\000o\000t\000o\000r\000\040\000c\000o\000n\000t\000r\000o\000l\000\040\000w\000i\000r\000i\000n\000g}{subsection.3.4}% 44
\BOOKMARK [2][-]{subsection.3.5}{\376\377\000P\000a\000r\000t\000\040\000S\000e\000l\000e\000c\000t\000i\000o\000n}{section.3}% 45
\BOOKMARK [1][-]{section.4}{\376\377\000R\000e\000q\000u\000i\000r\000e\000m\000e\000n\000t\000s\000,\000\040\000S\000t\000a\000n\000d\000a\000r\000d\000s\000,\000\040\000a\000n\000d\000\040\000C\000o\000n\000s\000t\000r\000a\000i\000n\000t\000s}{}% 46
\BOOKMARK [2][-]{subsection.4.1}{\376\377\000R\000e\000l\000a\000t\000e\000d\000\040\000S\000t\000a\000n\000d\000a\000r\000d\000s}{section.4}% 47
\BOOKMARK [3][-]{subsubsection.4.1.1}{\376\377\000C\000o\000n\000n\000e\000c\000t\000i\000o\000n\000\040\000S\000t\000a\000n\000d\000a\000r\000d\000s}{subsection.4.1}% 48
\BOOKMARK [3][-]{subsubsection.4.1.2}{\376\377\000D\000e\000s\000i\000g\000n\000\040\000I\000m\000p\000a\000c\000t}{subsection.4.1}% 49
\BOOKMARK [2][-]{subsection.4.2}{\376\377\000E\000c\000o\000n\000o\000m\000i\000c\000\040\000C\000o\000n\000t\000r\000a\000i\000n\000t\000s}{section.4}% 50
\BOOKMARK [2][-]{subsection.4.3}{\376\377\000E\000n\000v\000i\000r\000o\000n\000m\000e\000n\000t\000a\000l\000\040\000C\000o\000n\000s\000t\000r\000a\000i\000n\000t\000s}{section.4}% 51
\BOOKMARK [2][-]{subsection.4.4}{\376\377\000S\000o\000c\000i\000a\000l\000\040\000a\000n\000d\000\040\000P\000o\000l\000i\000t\000i\000c\000a\000l\000\040\000C\000o\000n\000s\000t\000r\000a\000i\000n\000t\000s}{section.4}% 52
\BOOKMARK [2][-]{subsection.4.5}{\376\377\000E\000t\000h\000i\000c\000a\000l\000,\000\040\000H\000e\000a\000l\000t\000h\000,\000\040\000a\000n\000d\000\040\000S\000a\000f\000e\000t\000y\000\040\000C\000o\000n\000s\000t\000r\000a\000i\000n\000t\000s}{section.4}% 53
\BOOKMARK [1][-]{section.5}{\376\377\000C\000o\000m\000p\000a\000r\000i\000s\000o\000n\000\040\000o\000f\000\040\000C\000h\000a\000t\000G\000P\000T\000\040\000w\000i\000t\000h\000\040\000S\000i\000m\000i\000l\000a\000r\000\040\000P\000l\000a\000t\000f\000o\000r\000m\000s}{}% 54
\BOOKMARK [2][-]{subsection.5.1}{\376\377\000E\000x\000a\000m\000p\000l\000e\000\040\0001\000:\000\040\000S\000o\000n\000a\000r\000\040\000v\000s\000.\000\040\000L\000i\000D\000A\000R}{section.5}% 55
\BOOKMARK [2][-]{subsection.5.2}{\376\377\000E\000x\000a\000m\000p\000l\000e\000\040\0002\000:\000\040\000P\000o\000w\000e\000r\000\040\000S\000u\000p\000p\000l\000y\000\040\000t\000o\000\040\000t\000h\000e\000\040\000M\000C\000U}{section.5}% 56
\BOOKMARK [2][-]{subsection.5.3}{\376\377\000E\000x\000a\000m\000p\000l\000e\000\040\0003\000:\000\040}{section.5}% 57
\BOOKMARK [1][-]{section.6}{\376\377\000H\000a\000r\000d\000w\000a\000r\000e\000\040\000D\000e\000s\000i\000g\000n}{}% 58
\BOOKMARK [2][-]{subsection.6.1}{\376\377\000R\000o\000l\000l\000a\000t\000o\000r}{section.6}% 59
\BOOKMARK [2][-]{subsection.6.2}{\376\377\000E\000l\000e\000c\000t\000r\000o\000n\000i\000c\000s\000\040\000C\000h\000a\000s\000s\000i\000s}{section.6}% 60
\BOOKMARK [3][-]{subsubsection.6.2.1}{\376\377\000L\000o\000c\000a\000t\000i\000o\000n\000\040\000o\000f\000\040\000C\000o\000m\000p\000o\000n\000e\000n\000t\000s}{subsection.6.2}% 61
\BOOKMARK [3][-]{subsubsection.6.2.2}{\376\377\000M\000e\000a\000s\000u\000r\000e\000m\000e\000n\000t\000s\000\040\000o\000f\000\040\000t\000h\000e\000\040\000W\000a\000l\000k\000e\000r}{subsection.6.2}% 62
\BOOKMARK [2][-]{subsection.6.3}{\376\377\000A\000r\000d\000u\000i\000n\000o}{section.6}% 63
\BOOKMARK [2][-]{subsection.6.4}{\376\377\000D\000e\000t\000e\000c\000t\000i\000o\000n\000\040\000S\000u\000b\000s\000y\000s\000t\000e\000m}{section.6}% 64
\BOOKMARK [3][-]{subsubsection.6.4.1}{\376\377\000S\000e\000n\000s\000o\000r\000\040\000O\000r\000i\000e\000n\000t\000a\000t\000i\000o\000n}{subsection.6.4}% 65
\BOOKMARK [3][-]{subsubsection.6.4.2}{\376\377\000I\000n\000c\000l\000i\000n\000e\000\040\000a\000n\000d\000\040\000D\000e\000c\000l\000i\000n\000e\000\040\000S\000t\000a\000b\000i\000l\000i\000t\000y}{subsection.6.4}% 66
\BOOKMARK [3][-]{subsubsection.6.4.3}{\376\377\000S\000e\000n\000s\000o\000r\000\040\000F\000u\000s\000i\000o\000n}{subsection.6.4}% 67
\BOOKMARK [2][-]{subsection.6.5}{\376\377\000I\000d\000e\000n\000t\000i\000f\000i\000c\000a\000t\000i\000o\000n\000\040\000S\000u\000b\000s\000y\000s\000t\000e\000m}{section.6}% 68
\BOOKMARK [3][-]{subsubsection.6.5.1}{\376\377\000E\000S\000P\0003\0002\000\040\000W\000i\000r\000e\000l\000e\000s\000s\000\040\000N\000e\000t\000w\000o\000r\000k}{subsection.6.5}% 69
\BOOKMARK [2][-]{subsection.6.6}{\376\377\000P\000o\000w\000e\000r\000\040\000S\000u\000p\000p\000l\000y\000\040\000a\000n\000d\000\040\000V\000o\000l\000t\000a\000g\000e\000\040\000R\000e\000g\000u\000l\000a\000t\000i\000o\000n}{section.6}% 70
\BOOKMARK [2][-]{subsection.6.7}{\376\377\000A\000v\000o\000i\000d\000a\000n\000c\000e\000\040\000S\000u\000b\000s\000y\000s\000t\000e\000m}{section.6}% 71
\BOOKMARK [3][-]{subsubsection.6.7.1}{\376\377\000M\000o\000t\000o\000r\000\040\000C\000o\000n\000t\000r\000o\000l\000\040\000S\000y\000s\000t\000e\000m}{subsection.6.7}% 72
\BOOKMARK [3][-]{subsubsection.6.7.2}{\376\377\000W\000h\000e\000e\000l\000\040\000R\000o\000t\000a\000t\000i\000o\000n\000a\000l\000\040\000M\000o\000t\000i\000o\000n}{subsection.6.7}% 73
\BOOKMARK [3][-]{subsubsection.6.7.3}{\376\377\000T\000u\000r\000n\000i\000n\000g\000\040\000M\000e\000c\000h\000a\000n\000i\000c\000s}{subsection.6.7}% 74
\BOOKMARK [3][-]{subsubsection.6.7.4}{\376\377\000M\000o\000t\000o\000r\000\040\000I\000n\000s\000t\000a\000l\000l\000a\000t\000i\000o\000n}{subsection.6.7}% 75
\BOOKMARK [3][-]{subsubsection.6.7.5}{\376\377\000E\000m\000e\000r\000g\000e\000n\000c\000y\000\040\000B\000r\000a\000k\000i\000n\000g}{subsection.6.7}% 76
\BOOKMARK [3][-]{subsubsection.6.7.6}{\376\377\000R\000e\000c\000o\000n\000c\000i\000l\000i\000n\000g\000\040\000U\000s\000e\000r\000\040\000C\000o\000n\000t\000r\000o\000l\000\040\000a\000n\000d\000\040\000A\000u\000t\000o\000m\000a\000t\000i\000c\000\040\000G\000u\000i\000d\000a\000n\000c\000e}{subsection.6.7}% 77
\BOOKMARK [1][-]{section.7}{\376\377\000S\000o\000f\000t\000w\000a\000r\000e\000\040\000D\000e\000s\000i\000g\000n}{}% 78
\BOOKMARK [2][-]{subsection.7.1}{\376\377\000G\000u\000i\000d\000a\000n\000c\000e\000,\000\040\000N\000a\000v\000i\000g\000a\000t\000i\000o\000n\000,\000\040\000a\000n\000d\000\040\000C\000o\000n\000t\000r\000o\000l\000\040\000S\000o\000f\000t\000w\000a\000r\000e}{section.7}% 79
\BOOKMARK [2][-]{subsection.7.2}{\376\377\000C\000o\000m\000p\000u\000t\000e\000r\000\040\000V\000i\000s\000i\000o\000n}{section.7}% 80
\BOOKMARK [2][-]{subsection.7.3}{\376\377\000S\000e\000r\000i\000a\000l\000\040\000I\000n\000t\000e\000r\000f\000a\000c\000e}{section.7}% 81
\BOOKMARK [2][-]{subsection.7.4}{\376\377\000M\000o\000t\000o\000r\000\040\000C\000o\000n\000t\000r\000o\000l\000\040\000S\000o\000f\000t\000w\000a\000r\000e}{section.7}% 82
\BOOKMARK [2][-]{subsection.7.5}{\376\377\000R\000a\000n\000g\000i\000n\000g\000\040\000A\000l\000g\000o\000r\000i\000t\000h\000m\000s}{section.7}% 83
\BOOKMARK [3][-]{subsubsection.7.5.1}{\376\377\000R\000a\000n\000g\000e\000\040\000R\000e\000a\000d\000i\000n\000g\000\040\000H\000a\000r\000m\000o\000n\000i\000z\000a\000t\000i\000o\000n}{subsection.7.5}% 84
\BOOKMARK [3][-]{subsubsection.7.5.2}{\376\377\000I\0002\000C\000\040\000B\000u\000s\000\040\000f\000o\000r\000\040\000S\000e\000n\000s\000o\000r\000s}{subsection.7.5}% 85
\BOOKMARK [2][-]{subsection.7.6}{\376\377\000I\000d\000e\000n\000t\000i\000f\000i\000c\000a\000t\000i\000o\000n\000\040\000a\000n\000d\000\040\000I\000m\000a\000g\000e\000\040\000P\000r\000o\000c\000e\000s\000s\000i\000n\000g}{section.7}% 86
\BOOKMARK [3][-]{subsubsection.7.6.1}{\376\377\000T\000r\000a\000i\000n\000i\000n\000g\000\040\000O\000b\000j\000e\000c\000t\000\040\000R\000e\000c\000o\000g\000n\000i\000t\000i\000o\000n\000\040\000M\000o\000d\000e\000l\000s}{subsection.7.6}% 87
\BOOKMARK [3][-]{subsubsection.7.6.2}{\376\377\000P\000r\000e\000d\000e\000t\000e\000r\000m\000i\000n\000e\000d\000\040\000O\000b\000s\000t\000a\000c\000l\000e\000s}{subsection.7.6}% 88
\BOOKMARK [2][-]{subsection.7.7}{\376\377\000A\000v\000o\000i\000d\000a\000n\000c\000e\000\040\000P\000r\000o\000t\000o\000c\000o\000l\000s}{section.7}% 89
\BOOKMARK [3][-]{subsubsection.7.7.1}{\376\377\000E\000m\000e\000r\000g\000e\000n\000c\000y\000\040\000S\000t\000o\000p}{subsection.7.7}% 90
\BOOKMARK [3][-]{subsubsection.7.7.2}{\376\377\000S\000t\000a\000t\000i\000o\000n\000a\000r\000y\000\040\000O\000b\000s\000t\000a\000c\000l\000e}{subsection.7.7}% 91
\BOOKMARK [3][-]{subsubsection.7.7.3}{\376\377\000P\000o\000l\000i\000t\000e\000\040\000R\000e\000s\000p\000o\000n\000s\000e\000\040\000t\000o\000\040\000O\000b\000s\000t\000a\000c\000l\000e\000\040\000i\000n\000\040\000M\000o\000t\000i\000o\000n}{subsection.7.7}% 92
\BOOKMARK [1][-]{section.8}{\376\377\000P\000r\000o\000t\000o\000t\000y\000p\000e\000\040\000F\000a\000b\000r\000i\000c\000a\000t\000i\000o\000n}{}% 93
\BOOKMARK [2][-]{subsection.8.1}{\376\377\000P\000r\000i\000n\000t\000e\000d\000\040\000C\000i\000r\000c\000u\000i\000t\000\040\000B\000o\000a\000r\000d\000\040\000D\000e\000s\000i\000g\000n}{section.8}% 94
\BOOKMARK [1][-]{section.9}{\376\377\000S\000y\000s\000t\000e\000m\000\040\000T\000e\000s\000t\000i\000n\000g}{}% 95
\BOOKMARK [2][-]{subsection.9.1}{\376\377\000S\000u\000b\000s\000y\000s\000t\000e\000m\000\040\000T\000e\000s\000t\000i\000n\000g}{section.9}% 96
\BOOKMARK [3][-]{subsubsection.9.1.1}{\376\377\000D\000e\000t\000e\000c\000t\000i\000o\000n\000\040\000F\000O\000V\000\040\000T\000h\000r\000e\000s\000h\000o\000l\000d}{subsection.9.1}% 97
\BOOKMARK [3][-]{subsubsection.9.1.2}{\376\377\000I\000d\000e\000n\000t\000i\000f\000i\000c\000a\000t\000i\000o\000n\000\040\000I\000m\000p\000o\000r\000t\000a\000n\000c\000e}{subsection.9.1}% 98
\BOOKMARK [3][-]{subsubsection.9.1.3}{\376\377\000C\000o\000n\000t\000r\000o\000l\000\040\000F\000e\000e\000d\000b\000a\000c\000k}{subsection.9.1}% 99
\BOOKMARK [2][-]{subsection.9.2}{\376\377\000S\000y\000s\000t\000e\000m\000\040\000I\000n\000t\000e\000g\000r\000a\000t\000i\000o\000n\000,\000\040\000T\000e\000s\000t\000i\000n\000g\000,\000\040\000a\000n\000d\000\040\000E\000v\000a\000l\000u\000a\000t\000i\000o\000n}{section.9}% 100
\BOOKMARK [1][-]{section.10}{\376\377\000A\000d\000m\000i\000n\000i\000s\000t\000r\000a\000t\000i\000v\000e\000\040\000C\000o\000n\000t\000e\000n\000t}{}% 101
\BOOKMARK [2][-]{subsection.10.1}{\376\377\000P\000r\000o\000j\000e\000c\000t\000\040\000M\000i\000l\000e\000s\000t\000o\000n\000e\000s}{section.10}% 102
\BOOKMARK [2][-]{subsection.10.2}{\376\377\000P\000r\000o\000j\000e\000c\000t\000\040\000B\000u\000d\000g\000e\000t}{section.10}% 103
\BOOKMARK [1][-]{section.11}{\376\377\000C\000o\000n\000c\000l\000u\000s\000i\000o\000n}{}% 104
\BOOKMARK [1][-]{section.12}{\376\377\000A\000p\000p\000e\000n\000d\000i\000x\000\040\000A\000\040\000-\000\040\000P\000e\000r\000m\000i\000s\000s\000i\000o\000n\000s}{}% 105
\BOOKMARK [1][-]{section.13}{\376\377\000A\000p\000p\000e\000n\000d\000i\000x\000\040\000B\000\040\000-\000\040\000R\000e\000f\000e\000r\000e\000n\000c\000e\000s}{}% 106
\BOOKMARK [1][-]{section.14}{\376\377\000A\000p\000p\000e\000n\000d\000i\000x\000\040\000C\000\040\000-\000\040\000C\000h\000a\000t\000\040\000G\000P\000T\000\040\000O\000u\000t\000p\000u\000t\000s}{}% 107
